<?xml version="1.0" encoding="UTF-8"?>
<testng-results ignored="0" total="1" passed="1" failed="0" skipped="0">
  <reporter-output>
  </reporter-output>
  <suite started-at="2024-04-22T11:07:04 IST" name="Default suite" finished-at="2024-04-22T11:07:13 IST" duration-ms="9055">
    <groups>
    </groups>
    <test started-at="2024-04-22T11:07:04 IST" name="Default test" finished-at="2024-04-22T11:07:13 IST" duration-ms="9055">
      <class name="testcase.TC001Login">
        <test-method is-config="true" signature="preCondition()[pri:0, instance:testcase.TC001Login@48974e45]" started-at="2024-04-22T11:07:04 IST" name="preCondition" finished-at="2024-04-22T11:07:12 IST" duration-ms="7533" status="PASS">
          <reporter-output>
          </reporter-output>
        </test-method> <!-- preCondition -->
        <test-method signature="runLoginVerify()[pri:0, instance:testcase.TC001Login@48974e45]" started-at="2024-04-22T11:07:12 IST" name="runLoginVerify" finished-at="2024-04-22T11:07:13 IST" duration-ms="1112" status="PASS">
          <reporter-output>
          </reporter-output>
        </test-method> <!-- runLoginVerify -->
        <test-method is-config="true" signature="postCondition()[pri:0, instance:testcase.TC001Login@48974e45]" started-at="2024-04-22T11:07:13 IST" name="postCondition" finished-at="2024-04-22T11:07:13 IST" duration-ms="329" status="PASS">
          <reporter-output>
          </reporter-output>
        </test-method> <!-- postCondition -->
      </class> <!-- testcase.TC001Login -->
    </test> <!-- Default test -->
  </suite> <!-- Default suite -->
</testng-results>
